<?xml version="1.0" encoding="UTF-8"?>
<!-- Generated by org.testng.reporters.JUnitReportReporter -->
<testsuite skipped="0" hostname="MGHector.local" name="testScripts.TC002" tests="1" failures="0" timestamp="2021-02-07T09:15:53 IST" time="11.243" errors="0">
  <testcase name="TC002" time="11.243" classname="testScripts.TC002"/>
  <system-out/>
</testsuite> <!-- testScripts.TC002 -->
