<?xml version="1.0" encoding="UTF-8"?>
<!-- Generated by org.testng.reporters.JUnitReportReporter -->
<testsuite skipped="0" hostname="MGHector.local" name="testScripts.TC001" tests="1" failures="0" timestamp="2021-02-07T09:15:53 IST" time="2.896" errors="0">
  <testcase name="TC001" time="2.896" classname="testScripts.TC001"/>
  <system-out/>
</testsuite> <!-- testScripts.TC001 -->
